nohup: ./A.cpp: Permission denied
1
2
3
5
8
13
21
34
55
89
144
233
377
610
987
1597
2584
4181
6765
10946
17711
28657
46368
75025
121393
196418
317811
514229
832040
1346269
2178309
3524578
5702887
9227465
14930352
24157817
39088169
63245986
102334155
165580141
267914296
433494437
701408733
1134903170
1836311903
1
2
3
5
8
13
21
34
55
89
144
233
377
610
987
1597
2584
4181
6765
10946
17711
28657
46368
75025
121393
196418
317811
514229
832040
1346269
2178309
3524578
5702887
9227465
14930352
24157817
39088169
63245986
102334155
165580141
1
2
3
5
8
13
21
34
55
89
144
233
377
610
987
1597
2584
4181
6765
10946
17711
28657
46368
75025
121393
196418
317811
514229
832040
1346269
2178309
3524578
5702887
9227465
14930352
24157817
39088169
63245986
102334155
267914296
165580141
433494437
267914296
433494437
701408733
701408733
2971215073
1134903170
1134903170
1836311903
1836311903
4807526976
2971215073
2971215073
1
2
3
5
8
13
21
34
55
89
144
233
377
610
987
1597
2584
4181
6765
10946
17711
28657
46368
75025
121393
196418
317811
514229
832040
1346269
2178309
3524578
5702887
9227465
14930352
24157817
39088169
1
2
3
5
8
13
21
34
55
89
144
233
377
610
987
1597
2584
4181
6765
10946
17711
28657
46368
75025
121393
196418
317811
514229
832040
1346269
2178309
3524578
5702887
9227465
14930352
24157817
63245986
1
2
3
5
8
13
21
34
55
89
144
233
377
610
987
1597
2584
4181
6765
10946
17711
28657
46368
75025
121393
196418
317811
514229
832040
1346269
2178309
3524578
5702887
39088169
9227465
14930352
24157817
1
2
3
5
8
13
21
34
55
89
144
233
377
610
987
1597
2584
4181
6765
10946
17711
28657
46368
75025
121393
196418
317811
514229
832040
1346269
2178309
3524578
5702887
9227465
63245986
102334155
14930352
39088169
1
2
3
5
8
13
21
34
55
89
144
233
377
610
987
1597
2584
4181
6765
10946
17711
28657
46368
75025
121393
196418
317811
514229
832040
1346269
24157817
2178309
3524578
5702887
9227465
14930352
39088169
1
2
3
5
8
13
21
34
55
89
144
233
377
610
987
1597
2584
4181
6765
10946
17711
28657
46368
75025
121393
196418
317811
514229
832040
1346269
2178309
3524578
24157817
5702887
63245986
9227465
14930352
102334155
39088169
24157817
63245986
39088169
165580141
102334155
63245986
63245986
102334155
165580141
102334155
102334155
165580141
165580141
267914296
165580141
165580141
267914296
267914296
267914296
267914296
267914296
433494437
433494437
433494437
433494437
433494437
433494437
701408733
701408733
701408733
701408733
701408733
701408733
4807526976
4807526976
1134903170
1134903170
1134903170
1134903170
1134903170
1134903170
7778742049
1836311903
1836311903
1836311903
1836311903
1836311903
1836311903
2971215073
2971215073
2971215073
2971215073
2971215073
2971215073
7778742049
7778742049
4807526976
4807526976
4807526976
4807526976
4807526976
4807526976
12586269025
7778742049
